<?xml version="1.0" encoding="UTF-8"?>
<!-- Generated by org.testng.reporters.JUnitReportReporter -->
<testsuite hostname="DESKTOP-LAUHH40" failures="0" tests="3" name="TestNGPractice.AllAboutTestNG.TestNGMyTest1" time="0.003" errors="0" timestamp="2022-06-26T02:06:28 AEST" skipped="0">
  <testcase classname="TestNGPractice.AllAboutTestNG.TestNGMyTest1" name="Test13" time="0.001"/>
  <system-out/>
  <testcase classname="TestNGPractice.AllAboutTestNG.TestNGMyTest1" name="Test12" time="0.001"/>
  <system-out/>
  <testcase classname="TestNGPractice.AllAboutTestNG.TestNGMyTest1" name="Test11" time="0.001"/>
  <system-out/>
</testsuite> <!-- TestNGPractice.AllAboutTestNG.TestNGMyTest1 -->
