<?xml version="1.0" encoding="UTF-8"?>
<!-- Generated by org.testng.reporters.JUnitReportReporter -->
<testsuite hostname="DESKTOP-LAUHH40" failures="0" tests="3" name="TestNGPractice.AllAboutTestNG.MyTest4" time="0.002" errors="0" timestamp="2022-06-26T02:06:28 AEST" skipped="0">
  <testcase classname="TestNGPractice.AllAboutTestNG.MyTest4" name="Login43" time="0.000"/>
  <system-out/>
  <testcase classname="TestNGPractice.AllAboutTestNG.MyTest4" name="Login42" time="0.001"/>
  <system-out/>
  <testcase classname="TestNGPractice.AllAboutTestNG.MyTest4" name="Login41" time="0.001"/>
  <system-out/>
</testsuite> <!-- TestNGPractice.AllAboutTestNG.MyTest4 -->
