<?xml version="1.0" encoding="UTF-8"?>
<!-- Generated by org.testng.reporters.JUnitReportReporter -->
<testsuite hostname="DESKTOP-LAUHH40" failures="0" tests="3" name="test.TestMyTest5" time="0.001" errors="0" timestamp="2022-06-26T13:57:48 AEST" skipped="0">
  <testcase classname="test.TestMyTest5" name="Test51" time="0.001"/>
  <system-out/>
  <testcase classname="test.TestMyTest5" name="Test52" time="0.000"/>
  <system-out/>
  <testcase classname="test.TestMyTest5" name="Test53" time="0.000"/>
  <system-out/>
</testsuite> <!-- test.TestMyTest5 -->
